<html>
<head>
<title>TestNG:  Default test</title>
<link href="../testng.css" rel="stylesheet" type="text/css" />
<link href="../my-testng.css" rel="stylesheet" type="text/css" />

<style type="text/css">
.log { display: none;} 
.stack-trace { display: none;} 
</style>
<script type="text/javascript">
<!--
function flip(e) {
  current = e.style.display;
  if (current == 'block') {
    e.style.display = 'none';
    return 0;
  }
  else {
    e.style.display = 'block';
    return 1;
  }
}

function toggleBox(szDivId, elem, msg1, msg2)
{
  var res = -1;  if (document.getElementById) {
    res = flip(document.getElementById(szDivId));
  }
  else if (document.all) {
    // this is the way old msie versions work
    res = flip(document.all[szDivId]);
  }
  if(elem) {
    if(res == 0) elem.innerHTML = msg1; else elem.innerHTML = msg2;
  }

}

function toggleAllBoxes() {
  if (document.getElementsByTagName) {
    d = document.getElementsByTagName('div');
    for (i = 0; i < d.length; i++) {
      if (d[i].className == 'log') {
        flip(d[i]);
      }
    }
  }
}

// -->
</script>

</head>
<body>
<h2 align='center'>Default test</h2><table border='1' align="center">
<tr>
<td>Tests passed/Failed/Skipped:</td><td>26/1/0</td>
</tr><tr>
<td>Started on:</td><td>Thu Mar 21 07:40:31 IST 2024</td>
</tr>
<tr><td>Total time:</td><td>44 seconds (44770 ms)</td>
</tr><tr>
<td>Included groups:</td><td></td>
</tr><tr>
<td>Excluded groups:</td><td></td>
</tr>
</table><p/>
<small><i>(Hover the method name to see the test class name)</i></small><p/>
<table width='100%' border='1' class='invocation-failed'>
<tr><td colspan='4' align='center'><b>FAILED TESTS</b></td></tr>
<tr><td><b>Test method</b></td>
<td><b>Attribute(s)</b></td>
<td width="30%"><b>Exception</b></td>
<td width="10%"><b>Time (seconds)</b></td>
<td><b>Instance</b></td>
</tr>
<tr>
<td title='runner.TaggedHooks_RunnerClass.runScenario()'><b>runScenario</b><br>Test class: runner.TaggedHooks_RunnerClass<br>Test method: Runs Cucumber Scenarios<br>Parameters: "Second Scenario", "Tagged Hook feature file"</td>
<td><div><pre>io.cucumber.testng.UndefinedStepException: The step &apos;this is third  step of second scenario1&apos; is undefined.
You can implement this step using the snippet(s) below:

@Then(&quot;this is third  step of second scenario1&quot;)
public void this_is_third_step_of_second_scenario1() {
    // Write code here that turns the phrase above into concrete actions
    throw new io.cucumber.java.PendingException();
}

	at io.cucumber.core.runtime.TestCaseResultObserver.assertTestCasePassed(TestCaseResultObserver.java:69)
	at io.cucumber.testng.TestCaseResultObserver.assertTestCasePassed(TestCaseResultObserver.java:23)
	at io.cucumber.testng.TestNGCucumberRunner.lambda$runScenario$1(TestNGCucumberRunner.java:133)
	at io.cucumber.core.runtime.CucumberExecutionContext.lambda$runTestCase$5(CucumberExecutionContext.java:137)
	at io.cucumber.core.runtime.RethrowingThrowableCollector.executeAndThrow(RethrowingThrowableCollector.java:23)
	at io.cucumber.core.runtime.CucumberExecutionContext.runTestCase(CucumberExecutionContext.java:137)
	at io.cucumber.testng.TestNGCucumberRunner.runScenario(TestNGCucumberRunner.java:129)
	at io.cucumber.testng.AbstractTestNGCucumberTests.runScenario(AbstractTestNGCucumberTests.java:35)
	at java.base/jdk.internal.reflect.DirectMethodHandleAccessor.invoke(DirectMethodHandleAccessor.java:104)
	at java.base/java.lang.reflect.Method.invoke(Method.java:577)
	at org.testng.internal.invokers.MethodInvocationHelper.invokeMethod(MethodInvocationHelper.java:139)
	at org.testng.internal.invokers.TestInvoker.invokeMethod(TestInvoker.java:677)
	at org.testng.internal.invokers.TestInvoker.invokeTestMethod(TestInvoker.java:221)
	at org.testng.internal.invokers.MethodRunner.runInSequence(MethodRunner.java:50)
	at org.testng.internal.invokers.TestInvoker$MethodInvocationAgent.invoke(TestInvoker.java:969)
	at org.testng.internal.invokers.TestInvoker.invokeTestMethods(TestInvoker.java:194)
	at org.testng.internal.invokers.TestMethodWorker.invokeTestMethods(TestMethodWorker.java:148)
	at org.testng.internal.invokers.TestMethodWorker.run(TestMethodWorker.java:128)
	at java.base/java.util.ArrayList.forEach(ArrayList.java:1511)
	at org.testng.TestRunner.privateRun(TestRunner.java:829)
	at org.testng.TestRunner.run(TestRunner.java:602)
	at org.testng.SuiteRunner.runTest(SuiteRunner.java:437)
	at org.testng.SuiteRunner.runSequentially(SuiteRunner.java:431)
	at org.testng.SuiteRunner.privateRun(SuiteRunner.java:391)
	at org.testng.SuiteRunner.run(SuiteRunner.java:330)
	at org.testng.SuiteRunnerWorker.runSuite(SuiteRunnerWorker.java:52)
	at org.testng.SuiteRunnerWorker.run(SuiteRunnerWorker.java:95)
	at org.testng.TestNG.runSuitesSequentially(TestNG.java:1256)
	at org.testng.TestNG.runSuitesLocally(TestNG.java:1176)
	at org.testng.TestNG.runSuites(TestNG.java:1099)
	at org.testng.TestNG.run(TestNG.java:1067)
	at org.testng.remote.AbstractRemoteTestNG.run(AbstractRemoteTestNG.java:115)
	at org.testng.remote.RemoteTestNG.initAndRun(RemoteTestNG.java:251)
	at org.testng.remote.RemoteTestNG.main(RemoteTestNG.java:77)
</pre></div><a href='#' onClick='toggleBox("stack-trace1711185459", this, "Click to show all stack frames", "Click to hide stack frames")'>Click to show all stack frames</a>
<div class='stack-trace' id='stack-trace1711185459'><pre>io.cucumber.testng.UndefinedStepException: The step &apos;this is third  step of second scenario1&apos; is undefined.
You can implement this step using the snippet(s) below:

@Then(&quot;this is third  step of second scenario1&quot;)
public void this_is_third_step_of_second_scenario1() {
    // Write code here that turns the phrase above into concrete actions
    throw new io.cucumber.java.PendingException();
}

	at io.cucumber.core.runtime.TestCaseResultObserver.assertTestCasePassed(TestCaseResultObserver.java:69)
	at io.cucumber.testng.TestCaseResultObserver.assertTestCasePassed(TestCaseResultObserver.java:23)
	at io.cucumber.testng.TestNGCucumberRunner.lambda$runScenario$1(TestNGCucumberRunner.java:133)
	at io.cucumber.core.runtime.CucumberExecutionContext.lambda$runTestCase$5(CucumberExecutionContext.java:137)
	at io.cucumber.core.runtime.RethrowingThrowableCollector.executeAndThrow(RethrowingThrowableCollector.java:23)
	at io.cucumber.core.runtime.CucumberExecutionContext.runTestCase(CucumberExecutionContext.java:137)
	at io.cucumber.testng.TestNGCucumberRunner.runScenario(TestNGCucumberRunner.java:129)
	at io.cucumber.testng.AbstractTestNGCucumberTests.runScenario(AbstractTestNGCucumberTests.java:35)
	at java.base/jdk.internal.reflect.DirectMethodHandleAccessor.invoke(DirectMethodHandleAccessor.java:104)
	at java.base/java.lang.reflect.Method.invoke(Method.java:577)
	at org.testng.internal.invokers.MethodInvocationHelper.invokeMethod(MethodInvocationHelper.java:139)
	at org.testng.internal.invokers.TestInvoker.invokeMethod(TestInvoker.java:677)
	at org.testng.internal.invokers.TestInvoker.invokeTestMethod(TestInvoker.java:221)
	at org.testng.internal.invokers.MethodRunner.runInSequence(MethodRunner.java:50)
	at org.testng.internal.invokers.TestInvoker$MethodInvocationAgent.invoke(TestInvoker.java:969)
	at org.testng.internal.invokers.TestInvoker.invokeTestMethods(TestInvoker.java:194)
	at org.testng.internal.invokers.TestMethodWorker.invokeTestMethods(TestMethodWorker.java:148)
	at org.testng.internal.invokers.TestMethodWorker.run(TestMethodWorker.java:128)
	at java.base/java.util.ArrayList.forEach(ArrayList.java:1511)
	at org.testng.TestRunner.privateRun(TestRunner.java:829)
	at org.testng.TestRunner.run(TestRunner.java:602)
	at org.testng.SuiteRunner.runTest(SuiteRunner.java:437)
	at org.testng.SuiteRunner.runSequentially(SuiteRunner.java:431)
	at org.testng.SuiteRunner.privateRun(SuiteRunner.java:391)
	at org.testng.SuiteRunner.run(SuiteRunner.java:330)
	at org.testng.SuiteRunnerWorker.runSuite(SuiteRunnerWorker.java:52)
	at org.testng.SuiteRunnerWorker.run(SuiteRunnerWorker.java:95)
	at org.testng.TestNG.runSuitesSequentially(TestNG.java:1256)
	at org.testng.TestNG.runSuitesLocally(TestNG.java:1176)
	at org.testng.TestNG.runSuites(TestNG.java:1099)
	at org.testng.TestNG.run(TestNG.java:1067)
	at org.testng.remote.AbstractRemoteTestNG.run(AbstractRemoteTestNG.java:115)
	at org.testng.remote.RemoteTestNG.initAndRun(RemoteTestNG.java:251)
	at org.testng.remote.RemoteTestNG.main(RemoteTestNG.java:77)
</pre></div></td>
<td>0</td>
<td>runner.TaggedHooks_RunnerClass@37ceb1df</td></tr>
</table><p>
<table width='100%' border='1' class='invocation-passed'>
<tr><td colspan='4' align='center'><b>PASSED TESTS</b></td></tr>
<tr><td><b>Test method</b></td>
<td><b>Attribute(s)</b></td>
<td width="30%"><b>Exception</b></td>
<td width="10%"><b>Time (seconds)</b></td>
<td><b>Instance</b></td>
</tr>
<tr>
<td title='runner.RunnerClass_ScnearionOutline1.runScenario()'><b>runScenario</b><br>Test class: runner.RunnerClass_ScnearionOutline1<br>Test method: Runs Cucumber Scenarios<br>Parameters: "Verify the Signup Functionality", "Signup Functionality"</td>
<td></td>
<td>0</td>
<td>runner.RunnerClass_ScnearionOutline1@22fcf7ab</td></tr>
<tr>
<td title='runner.RunnerClass_BackgroundWithScenario.runScenario()'><b>runScenario</b><br>Test class: runner.RunnerClass_BackgroundWithScenario<br>Test method: Runs Cucumber Scenarios<br>Parameters: "Fetching previosuly order information1", "Interview Question"</td>
<td></td>
<td>0</td>
<td>runner.RunnerClass_BackgroundWithScenario@38afe297</td></tr>
<tr>
<td title='runner.ProfilePicture_RunnerClass.runScenario()'><b>runScenario</b><br>Test class: runner.ProfilePicture_RunnerClass<br>Test method: Runs Cucumber Scenarios<br>Parameters: "Verify the profile picture Delete functionality", "Profile Picture"</td>
<td></td>
<td>0</td>
<td>runner.ProfilePicture_RunnerClass@20d525</td></tr>
<tr>
<td title='runner.RunnerClass_OrderApplication.runScenario()'><b>runScenario</b><br>Test class: runner.RunnerClass_OrderApplication<br>Test method: Runs Cucumber Scenarios<br>Parameters: "Verify Cancelled order products", "Order functionality"</td>
<td></td>
<td>0</td>
<td>runner.RunnerClass_OrderApplication@70325e14</td></tr>
<tr>
<td title='runner.RunnerClass_ScnearionOutline1.runScenario()'><b>runScenario</b><br>Test class: runner.RunnerClass_ScnearionOutline1<br>Test method: Runs Cucumber Scenarios<br>Parameters: "Verify the Signup Functionality", "Signup Functionality"</td>
<td></td>
<td>0</td>
<td>runner.RunnerClass_ScnearionOutline1@22fcf7ab</td></tr>
<tr>
<td title='runner.Campaign_tag_RunnerClass.runScenario()'><b>runScenario</b><br>Test class: runner.Campaign_tag_RunnerClass<br>Test method: Runs Cucumber Scenarios<br>Parameters: "Created Campaign", "Campaign functionality"</td>
<td></td>
<td>0</td>
<td>runner.Campaign_tag_RunnerClass@5e5d171f</td></tr>
<tr>
<td title='runner.RunnerClass_BackgroundWithScenario.runScenario()'><b>runScenario</b><br>Test class: runner.RunnerClass_BackgroundWithScenario<br>Test method: Runs Cucumber Scenarios<br>Parameters: "Fetching cancelled  order information1", "Interview Question"</td>
<td></td>
<td>0</td>
<td>runner.RunnerClass_BackgroundWithScenario@38afe297</td></tr>
<tr>
<td title='runner.Campaign_tag_RunnerClass.runScenario()'><b>runScenario</b><br>Test class: runner.Campaign_tag_RunnerClass<br>Test method: Runs Cucumber Scenarios<br>Parameters: "Sent Campaign", "Campaign functionality"</td>
<td></td>
<td>0</td>
<td>runner.Campaign_tag_RunnerClass@5e5d171f</td></tr>
<tr>
<td title='runner.RunnerClass.runScenario()'><b>runScenario</b><br>Test class: runner.RunnerClass<br>Test method: Runs Cucumber Scenarios<br>Parameters: "Verify login funcionality", "login functionality"</td>
<td></td>
<td>0</td>
<td>runner.RunnerClass@2df3b89c</td></tr>
<tr>
<td title='appfeaturesStef.AppRunnerClass.runScenario()'><b>runScenario</b><br>Test class: appfeaturesStef.AppRunnerClass<br>Test method: Runs Cucumber Scenarios<br>Parameters: "Verify the sign in page", "Home Page Functionality"</td>
<td></td>
<td>9</td>
<td>appfeaturesStef.AppRunnerClass@587e5365</td></tr>
<tr>
<td title='runner.RunnerClass_OrderInformation.runScenario()'><b>runScenario</b><br>Test class: runner.RunnerClass_OrderInformation<br>Test method: Runs Cucumber Scenarios<br>Parameters: "Fetching currenly placed order information", "Order Functionality"</td>
<td></td>
<td>0</td>
<td>runner.RunnerClass_OrderInformation@2de23121</td></tr>
<tr>
<td title='runner.RunnerClass_OrderInformation.runScenario()'><b>runScenario</b><br>Test class: runner.RunnerClass_OrderInformation<br>Test method: Runs Cucumber Scenarios<br>Parameters: "Fetching cancelled order information", "Order Functionality"</td>
<td></td>
<td>0</td>
<td>runner.RunnerClass_OrderInformation@2de23121</td></tr>
<tr>
<td title='runner.RunnerClass_OrderInformation.runScenario()'><b>runScenario</b><br>Test class: runner.RunnerClass_OrderInformation<br>Test method: Runs Cucumber Scenarios<br>Parameters: "Fetching previosuly order information", "Order Functionality"</td>
<td></td>
<td>0</td>
<td>runner.RunnerClass_OrderInformation@2de23121</td></tr>
<tr>
<td title='hooks2.TestClass.m1()'><b>m1</b><br>Test class: hooks2.TestClass</td>
<td></td>
<td>0</td>
<td>hooks2.TestClass@43c1b556</td></tr>
<tr>
<td title='appfeaturesStef.AppRunnerClass.runScenario()'><b>runScenario</b><br>Test class: appfeaturesStef.AppRunnerClass<br>Test method: Runs Cucumber Scenarios<br>Parameters: "Verfiy the title of page", "Home Page Functionality"</td>
<td></td>
<td>25</td>
<td>appfeaturesStef.AppRunnerClass@587e5365</td></tr>
<tr>
<td title='runner.Registration1_RunnerClass.runScenario()'><b>runScenario</b><br>Test class: runner.Registration1_RunnerClass<br>Test method: Runs Cucumber Scenarios<br>Parameters: "Verify the Registration functionality", "Registration Functionality"</td>
<td></td>
<td>0</td>
<td>runner.Registration1_RunnerClass@7c9d8e2</td></tr>
<tr>
<td title='runner.RunnerClass_OrderApplication.runScenario()'><b>runScenario</b><br>Test class: runner.RunnerClass_OrderApplication<br>Test method: Runs Cucumber Scenarios<br>Parameters: "Verify Previously order products", "Order functionality"</td>
<td></td>
<td>0</td>
<td>runner.RunnerClass_OrderApplication@70325e14</td></tr>
<tr>
<td title='runner.ScenarioOutline_RunnerClass.runScenario()'><b>runScenario</b><br>Test class: runner.ScenarioOutline_RunnerClass<br>Test method: Runs Cucumber Scenarios<br>Parameters: "Verify the Signup Functionality", "Signup Functionality"</td>
<td></td>
<td>0</td>
<td>runner.ScenarioOutline_RunnerClass@23348b5d</td></tr>
<tr>
<td title='appfeaturesStef.AppRunnerClass.runScenario()'><b>runScenario</b><br>Test class: appfeaturesStef.AppRunnerClass<br>Test method: Runs Cucumber Scenarios<br>Parameters: "Verfiy the cart icon", "Home Page Functionality"</td>
<td></td>
<td>7</td>
<td>appfeaturesStef.AppRunnerClass@587e5365</td></tr>
<tr>
<td title='runner.RunnerClass_OrderApplication.runScenario()'><b>runScenario</b><br>Test class: runner.RunnerClass_OrderApplication<br>Test method: Runs Cucumber Scenarios<br>Parameters: "Verify Currently order products", "Order functionality"</td>
<td></td>
<td>0</td>
<td>runner.RunnerClass_OrderApplication@70325e14</td></tr>
<tr>
<td title='runner.ProfilePicture_RunnerClass.runScenario()'><b>runScenario</b><br>Test class: runner.ProfilePicture_RunnerClass<br>Test method: Runs Cucumber Scenarios<br>Parameters: "Verify the profile picture upload functionality", "Profile Picture"</td>
<td></td>
<td>0</td>
<td>runner.ProfilePicture_RunnerClass@20d525</td></tr>
<tr>
<td title='runner.TaggedHooks_RunnerClass.runScenario()'><b>runScenario</b><br>Test class: runner.TaggedHooks_RunnerClass<br>Test method: Runs Cucumber Scenarios<br>Parameters: "First Scenario", "Tagged Hook feature file"</td>
<td></td>
<td>0</td>
<td>runner.TaggedHooks_RunnerClass@37ceb1df</td></tr>
<tr>
<td title='runner.ProfilePicture_RunnerClass.runScenario()'><b>runScenario</b><br>Test class: runner.ProfilePicture_RunnerClass<br>Test method: Runs Cucumber Scenarios<br>Parameters: "Verify the profile picture update functionality", "Profile Picture"</td>
<td></td>
<td>0</td>
<td>runner.ProfilePicture_RunnerClass@20d525</td></tr>
<tr>
<td title='runner.Campaign_tag_RunnerClass.runScenario()'><b>runScenario</b><br>Test class: runner.Campaign_tag_RunnerClass<br>Test method: Runs Cucumber Scenarios<br>Parameters: "Drafts Campaign", "Campaign functionality"</td>
<td></td>
<td>0</td>
<td>runner.Campaign_tag_RunnerClass@5e5d171f</td></tr>
<tr>
<td title='runner.ScenarioOutline_RunnerClass.runScenario()'><b>runScenario</b><br>Test class: runner.ScenarioOutline_RunnerClass<br>Test method: Runs Cucumber Scenarios<br>Parameters: "Verify the Signup Functionality", "Signup Functionality"</td>
<td></td>
<td>0</td>
<td>runner.ScenarioOutline_RunnerClass@23348b5d</td></tr>
<tr>
<td title='runner.LoginWithData_RunnerClass.runScenario()'><b>runScenario</b><br>Test class: runner.LoginWithData_RunnerClass<br>Test method: Runs Cucumber Scenarios<br>Parameters: "Verify the login functionality", "Login with data functionality"</td>
<td></td>
<td>0</td>
<td>runner.LoginWithData_RunnerClass@63475ace</td></tr>
</table><p>
</body>
</html>